This is pdfTeX, Version 3.14159265-2.6-1.40.19 (TeX Live 2018) (preloaded format=pdflatex 2018.4.16)  12 NOV 2019 21:17
entering extended mode
 restricted \write18 enabled.
 %&-line parsing enabled.
**server.tex
(./server.tex
LaTeX2e <2018-04-01> patch level 2
Babel <3.18> and hyphenation patterns for 84 language(s) loaded.
(/usr/local/texlive/2018/texmf-dist/tex/latex/base/article.cls
Document Class: article 2014/09/29 v1.4h Standard LaTeX document class
(/usr/local/texlive/2018/texmf-dist/tex/latex/base/size10.clo
File: size10.clo 2014/09/29 v1.4h Standard LaTeX file (size option)
)
\c@part=\count80
\c@section=\count81
\c@subsection=\count82
\c@subsubsection=\count83
\c@paragraph=\count84
\c@subparagraph=\count85
\c@figure=\count86
\c@table=\count87
\abovecaptionskip=\skip41
\belowcaptionskip=\skip42
\bibindent=\dimen102
) (/usr/local/texlive/2018/texmf-dist/tex/latex/graphics/graphicx.sty
Package: graphicx 2017/06/01 v1.1a Enhanced LaTeX Graphics (DPC,SPQR)
(/usr/local/texlive/2018/texmf-dist/tex/latex/graphics/keyval.sty
Package: keyval 2014/10/28 v1.15 key=value parser (DPC)
\KV@toks@=\toks14
) (/usr/local/texlive/2018/texmf-dist/tex/latex/graphics/graphics.sty
Package: graphics 2017/06/25 v1.2c Standard LaTeX Graphics (DPC,SPQR)
(/usr/local/texlive/2018/texmf-dist/tex/latex/graphics/trig.sty
Package: trig 2016/01/03 v1.10 sin cos tan (DPC)
) (/usr/local/texlive/2018/texmf-dist/tex/latex/graphics-cfg/graphics.cfg
File: graphics.cfg 2016/06/04 v1.11 sample graphics configuration
)
Package graphics Info: Driver file: pdftex.def on input line 99.
(/usr/local/texlive/2018/texmf-dist/tex/latex/graphics-def/pdftex.def
File: pdftex.def 2018/01/08 v1.0l Graphics/color driver for pdftex
))
\Gin@req@height=\dimen103
\Gin@req@width=\dimen104
) (/usr/local/texlive/2018/texmf-dist/tex/latex/graphics/color.sty
Package: color 2016/07/10 v1.1e Standard LaTeX Color (DPC)
(/usr/local/texlive/2018/texmf-dist/tex/latex/graphics-cfg/color.cfg
File: color.cfg 2016/01/02 v1.6 sample color configuration
)
Package color Info: Driver file: pdftex.def on input line 147.
) (/usr/local/texlive/2018/texmf-dist/tex/latex/framed/framed.sty
Package: framed 2011/10/22 v 0.96: framed or shaded text with page breaks
\OuterFrameSep=\skip43
\fb@frw=\dimen105
\fb@frh=\dimen106
\FrameRule=\dimen107
\FrameSep=\dimen108
) (/usr/local/texlive/2018/texmf-dist/tex/latex/base/alltt.sty
Package: alltt 1997/06/16 v2.0g defines alltt environment
) (/usr/local/texlive/2018/texmf-dist/tex/latex/psnfss/mathpazo.sty
Package: mathpazo 2005/04/12 PSNFSS-v9.2a Palatino w/ Pazo Math (D.Puga, WaS) 
\symupright=\mathgroup4
) (/usr/local/texlive/2018/texmf-dist/tex/latex/base/fontenc.sty
Package: fontenc 2017/04/05 v2.0i Standard LaTeX package
(/usr/local/texlive/2018/texmf-dist/tex/latex/base/t1enc.def
File: t1enc.def 2017/04/05 v2.0i Standard LaTeX file
LaTeX Font Info:    Redeclaring font encoding T1 on input line 48.
)) (/usr/local/texlive/2018/texmf-dist/tex/latex/geometry/geometry.sty
Package: geometry 2018/03/24 v5.7 Page Geometry
(/usr/local/texlive/2018/texmf-dist/tex/generic/oberdiek/ifpdf.sty
Package: ifpdf 2017/03/15 v3.2 Provides the ifpdf switch
) (/usr/local/texlive/2018/texmf-dist/tex/generic/oberdiek/ifvtex.sty
Package: ifvtex 2016/05/16 v1.6 Detect VTeX and its facilities (HO)
Package ifvtex Info: VTeX not detected.
) (/usr/local/texlive/2018/texmf-dist/tex/generic/ifxetex/ifxetex.sty
Package: ifxetex 2010/09/12 v0.6 Provides ifxetex conditional
)
\Gm@cnth=\count88
\Gm@cntv=\count89
\c@Gm@tempcnt=\count90
\Gm@bindingoffset=\dimen109
\Gm@wd@mp=\dimen110
\Gm@odd@mp=\dimen111
\Gm@even@mp=\dimen112
\Gm@layoutwidth=\dimen113
\Gm@layoutheight=\dimen114
\Gm@layouthoffset=\dimen115
\Gm@layoutvoffset=\dimen116
\Gm@dimlist=\toks15
) (/usr/local/texlive/2018/texmf-dist/tex/latex/hyperref/hyperref.sty
Package: hyperref 2018/02/06 v6.86b Hypertext links for LaTeX
(/usr/local/texlive/2018/texmf-dist/tex/generic/oberdiek/hobsub-hyperref.sty
Package: hobsub-hyperref 2016/05/16 v1.14 Bundle oberdiek, subset hyperref (HO)

(/usr/local/texlive/2018/texmf-dist/tex/generic/oberdiek/hobsub-generic.sty
Package: hobsub-generic 2016/05/16 v1.14 Bundle oberdiek, subset generic (HO)
Package: hobsub 2016/05/16 v1.14 Construct package bundles (HO)
Package: infwarerr 2016/05/16 v1.4 Providing info/warning/error messages (HO)
Package: ltxcmds 2016/05/16 v1.23 LaTeX kernel commands for general use (HO)
Package: ifluatex 2016/05/16 v1.4 Provides the ifluatex switch (HO)
Package ifluatex Info: LuaTeX not detected.
Package hobsub Info: Skipping package `ifvtex' (already loaded).
Package: intcalc 2016/05/16 v1.2 Expandable calculations with integers (HO)
Package hobsub Info: Skipping package `ifpdf' (already loaded).
Package: etexcmds 2016/05/16 v1.6 Avoid name clashes with e-TeX commands (HO)
Package etexcmds Info: Could not find \expanded.
(etexcmds)             That can mean that you are not using pdfTeX 1.50 or
(etexcmds)             that some package has redefined \expanded.
(etexcmds)             In the latter case, load this package earlier.
Package: kvsetkeys 2016/05/16 v1.17 Key value parser (HO)
Package: kvdefinekeys 2016/05/16 v1.4 Define keys (HO)
Package: pdftexcmds 2018/01/30 v0.27 Utility functions of pdfTeX for LuaTeX (HO
)
Package pdftexcmds Info: LuaTeX not detected.
Package pdftexcmds Info: \pdf@primitive is available.
Package pdftexcmds Info: \pdf@ifprimitive is available.
Package pdftexcmds Info: \pdfdraftmode found.
Package: pdfescape 2016/05/16 v1.14 Implements pdfTeX's escape features (HO)
Package: bigintcalc 2016/05/16 v1.4 Expandable calculations on big integers (HO
)
Package: bitset 2016/05/16 v1.2 Handle bit-vector datatype (HO)
Package: uniquecounter 2016/05/16 v1.3 Provide unlimited unique counter (HO)
)
Package hobsub Info: Skipping package `hobsub' (already loaded).
Package: letltxmacro 2016/05/16 v1.5 Let assignment for LaTeX macros (HO)
Package: hopatch 2016/05/16 v1.3 Wrapper for package hooks (HO)
Package: xcolor-patch 2016/05/16 xcolor patch
Package: atveryend 2016/05/16 v1.9 Hooks at the very end of document (HO)
Package atveryend Info: \enddocument detected (standard20110627).
Package: atbegshi 2016/06/09 v1.18 At begin shipout hook (HO)
Package: refcount 2016/05/16 v3.5 Data extraction from label references (HO)
Package: hycolor 2016/05/16 v1.8 Color options for hyperref/bookmark (HO)
) (/usr/local/texlive/2018/texmf-dist/tex/latex/oberdiek/auxhook.sty
Package: auxhook 2016/05/16 v1.4 Hooks for auxiliary files (HO)
) (/usr/local/texlive/2018/texmf-dist/tex/latex/oberdiek/kvoptions.sty
Package: kvoptions 2016/05/16 v3.12 Key value format for package options (HO)
)
\@linkdim=\dimen117
\Hy@linkcounter=\count91
\Hy@pagecounter=\count92
(/usr/local/texlive/2018/texmf-dist/tex/latex/hyperref/pd1enc.def
File: pd1enc.def 2018/02/06 v6.86b Hyperref: PDFDocEncoding definition (HO)
Now handling font encoding PD1 ...
... no UTF-8 mapping file for font encoding PD1
)
\Hy@SavedSpaceFactor=\count93
(/usr/local/texlive/2018/texmf-dist/tex/latex/latexconfig/hyperref.cfg
File: hyperref.cfg 2002/06/06 v1.2 hyperref configuration of TeXLive
)
Package hyperref Info: Option `unicode' set `true' on input line 4383.
(/usr/local/texlive/2018/texmf-dist/tex/latex/hyperref/puenc.def
File: puenc.def 2018/02/06 v6.86b Hyperref: PDF Unicode definition (HO)
Now handling font encoding PU ...
... no UTF-8 mapping file for font encoding PU
)
Package hyperref Info: Option `pdfusetitle' set `true' on input line 4383.
Package hyperref Info: Option `bookmarks' set `true' on input line 4383.
Package hyperref Info: Option `bookmarksnumbered' set `true' on input line 4383
.
Package hyperref Info: Option `bookmarksopen' set `true' on input line 4383.
Package hyperref Info: Option `breaklinks' set `false' on input line 4383.
Package hyperref Info: Option `colorlinks' set `false' on input line 4383.
Package hyperref Info: Hyper figures OFF on input line 4509.
Package hyperref Info: Link nesting OFF on input line 4514.
Package hyperref Info: Hyper index ON on input line 4517.
Package hyperref Info: Plain pages OFF on input line 4524.
Package hyperref Info: Backreferencing OFF on input line 4529.
Package hyperref Info: Implicit mode ON; LaTeX internals redefined.
Package hyperref Info: Bookmarks ON on input line 4762.
\c@Hy@tempcnt=\count94
(/usr/local/texlive/2018/texmf-dist/tex/latex/url/url.sty
\Urlmuskip=\muskip10
Package: url 2013/09/16  ver 3.4  Verb mode for urls, etc.
)
LaTeX Info: Redefining \url on input line 5115.
\XeTeXLinkMargin=\dimen118
\Fld@menulength=\count95
\Field@Width=\dimen119
\Fld@charsize=\dimen120
Package hyperref Info: Hyper figures OFF on input line 6369.
Package hyperref Info: Link nesting OFF on input line 6374.
Package hyperref Info: Hyper index ON on input line 6377.
Package hyperref Info: backreferencing OFF on input line 6384.
Package hyperref Info: Link coloring OFF on input line 6389.
Package hyperref Info: Link coloring with OCG OFF on input line 6394.
Package hyperref Info: PDF/A mode OFF on input line 6399.
LaTeX Info: Redefining \ref on input line 6439.
LaTeX Info: Redefining \pageref on input line 6443.
\Hy@abspage=\count96
\c@Item=\count97
\c@Hfootnote=\count98
)
Package hyperref Info: Driver (autodetected): hpdftex.
(/usr/local/texlive/2018/texmf-dist/tex/latex/hyperref/hpdftex.def
File: hpdftex.def 2018/02/06 v6.86b Hyperref driver for pdfTeX
\Fld@listcount=\count99
\c@bookmark@seq@number=\count100
(/usr/local/texlive/2018/texmf-dist/tex/latex/oberdiek/rerunfilecheck.sty
Package: rerunfilecheck 2016/05/16 v1.8 Rerun checks for auxiliary files (HO)
Package uniquecounter Info: New unique counter `rerunfilecheck' on input line 2
82.
)
\Hy@SectionHShift=\skip44
) (/usr/local/texlive/2018/texmf-dist/tex/latex/upquote/upquote.sty
Package: upquote 2012/04/19 v1.3 upright-quote and grave-accent glyphs in verba
tim
(/usr/local/texlive/2018/texmf-dist/tex/latex/base/textcomp.sty
Package: textcomp 2017/04/05 v2.0i Standard LaTeX package
Package textcomp Info: Sub-encoding information:
(textcomp)               5 = only ISO-Adobe without \textcurrency
(textcomp)               4 = 5 + \texteuro
(textcomp)               3 = 4 + \textohm
(textcomp)               2 = 3 + \textestimated + \textcurrency
(textcomp)               1 = TS1 - \textcircled - \t
(textcomp)               0 = TS1 (full)
(textcomp)             Font families with sub-encoding setting implement
(textcomp)             only a restricted character set as indicated.
(textcomp)             Family '?' is the default used for unknown fonts.
(textcomp)             See the documentation for details.
Package textcomp Info: Setting ? sub-encoding to TS1/1 on input line 79.
(/usr/local/texlive/2018/texmf-dist/tex/latex/base/ts1enc.def
File: ts1enc.def 2001/06/05 v3.0e (jk/car/fm) Standard LaTeX file
Now handling font encoding TS1 ...
... processing UTF-8 mapping file for font encoding TS1
(/usr/local/texlive/2018/texmf-dist/tex/latex/base/ts1enc.dfu
File: ts1enc.dfu 2018/04/05 v1.2c UTF-8 support for inputenc
   defining Unicode char U+00A2 (decimal 162)
   defining Unicode char U+00A3 (decimal 163)
   defining Unicode char U+00A4 (decimal 164)
   defining Unicode char U+00A5 (decimal 165)
   defining Unicode char U+00A6 (decimal 166)
   defining Unicode char U+00A7 (decimal 167)
   defining Unicode char U+00A8 (decimal 168)
   defining Unicode char U+00A9 (decimal 169)
   defining Unicode char U+00AA (decimal 170)
   defining Unicode char U+00AC (decimal 172)
   defining Unicode char U+00AE (decimal 174)
   defining Unicode char U+00AF (decimal 175)
   defining Unicode char U+00B0 (decimal 176)
   defining Unicode char U+00B1 (decimal 177)
   defining Unicode char U+00B2 (decimal 178)
   defining Unicode char U+00B3 (decimal 179)
   defining Unicode char U+00B4 (decimal 180)
   defining Unicode char U+00B5 (decimal 181)
   defining Unicode char U+00B6 (decimal 182)
   defining Unicode char U+00B7 (decimal 183)
   defining Unicode char U+00B9 (decimal 185)
   defining Unicode char U+00BA (decimal 186)
   defining Unicode char U+00BC (decimal 188)
   defining Unicode char U+00BD (decimal 189)
   defining Unicode char U+00BE (decimal 190)
   defining Unicode char U+00D7 (decimal 215)
   defining Unicode char U+00F7 (decimal 247)
   defining Unicode char U+0192 (decimal 402)
   defining Unicode char U+02C7 (decimal 711)
   defining Unicode char U+02D8 (decimal 728)
   defining Unicode char U+02DD (decimal 733)
   defining Unicode char U+0E3F (decimal 3647)
   defining Unicode char U+2016 (decimal 8214)
   defining Unicode char U+2020 (decimal 8224)
   defining Unicode char U+2021 (decimal 8225)
   defining Unicode char U+2022 (decimal 8226)
   defining Unicode char U+2030 (decimal 8240)
   defining Unicode char U+2031 (decimal 8241)
   defining Unicode char U+203B (decimal 8251)
   defining Unicode char U+203D (decimal 8253)
   defining Unicode char U+2044 (decimal 8260)
   defining Unicode char U+204E (decimal 8270)
   defining Unicode char U+2052 (decimal 8274)
   defining Unicode char U+20A1 (decimal 8353)
   defining Unicode char U+20A4 (decimal 8356)
   defining Unicode char U+20A6 (decimal 8358)
   defining Unicode char U+20A9 (decimal 8361)
   defining Unicode char U+20AB (decimal 8363)
   defining Unicode char U+20AC (decimal 8364)
   defining Unicode char U+20B1 (decimal 8369)
   defining Unicode char U+2103 (decimal 8451)
   defining Unicode char U+2116 (decimal 8470)
   defining Unicode char U+2117 (decimal 8471)
   defining Unicode char U+211E (decimal 8478)
   defining Unicode char U+2120 (decimal 8480)
   defining Unicode char U+2122 (decimal 8482)
   defining Unicode char U+2126 (decimal 8486)
   defining Unicode char U+2127 (decimal 8487)
   defining Unicode char U+212E (decimal 8494)
   defining Unicode char U+2190 (decimal 8592)
   defining Unicode char U+2191 (decimal 8593)
   defining Unicode char U+2192 (decimal 8594)
   defining Unicode char U+2193 (decimal 8595)
   defining Unicode char U+2329 (decimal 9001)
   defining Unicode char U+232A (decimal 9002)
   defining Unicode char U+2422 (decimal 9250)
   defining Unicode char U+25E6 (decimal 9702)
   defining Unicode char U+25EF (decimal 9711)
   defining Unicode char U+266A (decimal 9834)
   defining Unicode char U+FEFF (decimal 65279)
))
LaTeX Info: Redefining \oldstylenums on input line 334.
Package textcomp Info: Setting cmr sub-encoding to TS1/0 on input line 349.
Package textcomp Info: Setting cmss sub-encoding to TS1/0 on input line 350.
Package textcomp Info: Setting cmtt sub-encoding to TS1/0 on input line 351.
Package textcomp Info: Setting cmvtt sub-encoding to TS1/0 on input line 352.
Package textcomp Info: Setting cmbr sub-encoding to TS1/0 on input line 353.
Package textcomp Info: Setting cmtl sub-encoding to TS1/0 on input line 354.
Package textcomp Info: Setting ccr sub-encoding to TS1/0 on input line 355.
Package textcomp Info: Setting ptm sub-encoding to TS1/4 on input line 356.
Package textcomp Info: Setting pcr sub-encoding to TS1/4 on input line 357.
Package textcomp Info: Setting phv sub-encoding to TS1/4 on input line 358.
Package textcomp Info: Setting ppl sub-encoding to TS1/3 on input line 359.
Package textcomp Info: Setting pag sub-encoding to TS1/4 on input line 360.
Package textcomp Info: Setting pbk sub-encoding to TS1/4 on input line 361.
Package textcomp Info: Setting pnc sub-encoding to TS1/4 on input line 362.
Package textcomp Info: Setting pzc sub-encoding to TS1/4 on input line 363.
Package textcomp Info: Setting bch sub-encoding to TS1/4 on input line 364.
Package textcomp Info: Setting put sub-encoding to TS1/5 on input line 365.
Package textcomp Info: Setting uag sub-encoding to TS1/5 on input line 366.
Package textcomp Info: Setting ugq sub-encoding to TS1/5 on input line 367.
Package textcomp Info: Setting ul8 sub-encoding to TS1/4 on input line 368.
Package textcomp Info: Setting ul9 sub-encoding to TS1/4 on input line 369.
Package textcomp Info: Setting augie sub-encoding to TS1/5 on input line 370.
Package textcomp Info: Setting dayrom sub-encoding to TS1/3 on input line 371.
Package textcomp Info: Setting dayroms sub-encoding to TS1/3 on input line 372.

Package textcomp Info: Setting pxr sub-encoding to TS1/0 on input line 373.
Package textcomp Info: Setting pxss sub-encoding to TS1/0 on input line 374.
Package textcomp Info: Setting pxtt sub-encoding to TS1/0 on input line 375.
Package textcomp Info: Setting txr sub-encoding to TS1/0 on input line 376.
Package textcomp Info: Setting txss sub-encoding to TS1/0 on input line 377.
Package textcomp Info: Setting txtt sub-encoding to TS1/0 on input line 378.
Package textcomp Info: Setting lmr sub-encoding to TS1/0 on input line 379.
Package textcomp Info: Setting lmdh sub-encoding to TS1/0 on input line 380.
Package textcomp Info: Setting lmss sub-encoding to TS1/0 on input line 381.
Package textcomp Info: Setting lmssq sub-encoding to TS1/0 on input line 382.
Package textcomp Info: Setting lmvtt sub-encoding to TS1/0 on input line 383.
Package textcomp Info: Setting lmtt sub-encoding to TS1/0 on input line 384.
Package textcomp Info: Setting qhv sub-encoding to TS1/0 on input line 385.
Package textcomp Info: Setting qag sub-encoding to TS1/0 on input line 386.
Package textcomp Info: Setting qbk sub-encoding to TS1/0 on input line 387.
Package textcomp Info: Setting qcr sub-encoding to TS1/0 on input line 388.
Package textcomp Info: Setting qcs sub-encoding to TS1/0 on input line 389.
Package textcomp Info: Setting qpl sub-encoding to TS1/0 on input line 390.
Package textcomp Info: Setting qtm sub-encoding to TS1/0 on input line 391.
Package textcomp Info: Setting qzc sub-encoding to TS1/0 on input line 392.
Package textcomp Info: Setting qhvc sub-encoding to TS1/0 on input line 393.
Package textcomp Info: Setting futs sub-encoding to TS1/4 on input line 394.
Package textcomp Info: Setting futx sub-encoding to TS1/4 on input line 395.
Package textcomp Info: Setting futj sub-encoding to TS1/4 on input line 396.
Package textcomp Info: Setting hlh sub-encoding to TS1/3 on input line 397.
Package textcomp Info: Setting hls sub-encoding to TS1/3 on input line 398.
Package textcomp Info: Setting hlst sub-encoding to TS1/3 on input line 399.
Package textcomp Info: Setting hlct sub-encoding to TS1/5 on input line 400.
Package textcomp Info: Setting hlx sub-encoding to TS1/5 on input line 401.
Package textcomp Info: Setting hlce sub-encoding to TS1/5 on input line 402.
Package textcomp Info: Setting hlcn sub-encoding to TS1/5 on input line 403.
Package textcomp Info: Setting hlcw sub-encoding to TS1/5 on input line 404.
Package textcomp Info: Setting hlcf sub-encoding to TS1/5 on input line 405.
Package textcomp Info: Setting pplx sub-encoding to TS1/3 on input line 406.
Package textcomp Info: Setting pplj sub-encoding to TS1/3 on input line 407.
Package textcomp Info: Setting ptmx sub-encoding to TS1/4 on input line 408.
Package textcomp Info: Setting ptmj sub-encoding to TS1/4 on input line 409.
))
No file server.aux.
\openout1 = `server.aux'.

LaTeX Font Info:    Checking defaults for OML/cmm/m/it on input line 76.
LaTeX Font Info:    ... okay on input line 76.
LaTeX Font Info:    Checking defaults for T1/cmr/m/n on input line 76.
LaTeX Font Info:    ... okay on input line 76.
LaTeX Font Info:    Checking defaults for OT1/cmr/m/n on input line 76.
LaTeX Font Info:    ... okay on input line 76.
LaTeX Font Info:    Checking defaults for OMS/cmsy/m/n on input line 76.
LaTeX Font Info:    ... okay on input line 76.
LaTeX Font Info:    Checking defaults for OMX/cmex/m/n on input line 76.
LaTeX Font Info:    ... okay on input line 76.
LaTeX Font Info:    Checking defaults for U/cmr/m/n on input line 76.
LaTeX Font Info:    ... okay on input line 76.
LaTeX Font Info:    Checking defaults for PD1/pdf/m/n on input line 76.
LaTeX Font Info:    ... okay on input line 76.
LaTeX Font Info:    Checking defaults for PU/pdf/m/n on input line 76.
LaTeX Font Info:    ... okay on input line 76.
LaTeX Font Info:    Checking defaults for TS1/cmr/m/n on input line 76.
LaTeX Font Info:    Try loading font information for TS1+cmr on input line 76.
(/usr/local/texlive/2018/texmf-dist/tex/latex/base/ts1cmr.fd
File: ts1cmr.fd 2014/09/29 v2.5h Standard LaTeX font definitions
)
LaTeX Font Info:    ... okay on input line 76.
LaTeX Font Info:    Try loading font information for T1+pplx on input line 76.
(/usr/local/texlive/2018/texmf-dist/tex/latex/psnfss/t1pplx.fd
File: t1pplx.fd 2004/09/06 font definitions for T1/pplx.
) (/usr/local/texlive/2018/texmf-dist/tex/context/base/mkii/supp-pdf.mkii
[Loading MPS to PDF converter (version 2006.09.02).]
\scratchcounter=\count101
\scratchdimen=\dimen121
\scratchbox=\box26
\nofMPsegments=\count102
\nofMParguments=\count103
\everyMPshowfont=\toks16
\MPscratchCnt=\count104
\MPscratchDim=\dimen122
\MPnumerator=\count105
\makeMPintoPDFobject=\count106
\everyMPtoPDFconversion=\toks17
) (/usr/local/texlive/2018/texmf-dist/tex/latex/oberdiek/epstopdf-base.sty
Package: epstopdf-base 2016/05/15 v2.6 Base part for package epstopdf
(/usr/local/texlive/2018/texmf-dist/tex/latex/oberdiek/grfext.sty
Package: grfext 2016/05/16 v1.2 Manage graphics extensions (HO)
)
Package epstopdf-base Info: Redefining graphics rule for `.eps' on input line 4
38.
Package grfext Info: Graphics extension search list:
(grfext)             [.pdf,.png,.jpg,.mps,.jpeg,.jbig2,.jb2,.PDF,.PNG,.JPG,.JPE
G,.JBIG2,.JB2,.eps]
(grfext)             \AppendGraphicsExtensions on input line 456.
(/usr/local/texlive/2018/texmf-dist/tex/latex/latexconfig/epstopdf-sys.cfg
File: epstopdf-sys.cfg 2010/07/13 v1.3 Configuration of (r)epstopdf for TeX Liv
e
))
\big@size=\dimen123
*geometry* driver: auto-detecting
*geometry* detected driver: pdftex

Package geometry Warning: The marginal notes overrun the paper.
     Add 4.86812pt and more to the right margin.

*geometry* verbose mode - [ preamble ] result:
* driver: pdftex
* paper: <default>
* layout: <same size as paper>
* layoutoffset:(h,v)=(0.0pt,0.0pt)
* modes: 
* h-part:(L,W,R)=(71.13188pt, 472.03123pt, 71.13188pt)
* v-part:(T,H,B)=(71.13188pt, 652.70622pt, 71.13188pt)
* \paperwidth=614.295pt
* \paperheight=794.96999pt
* \textwidth=472.03123pt
* \textheight=652.70622pt
* \oddsidemargin=-1.1381pt
* \evensidemargin=-1.1381pt
* \topmargin=-38.1381pt
* \headheight=12.0pt
* \headsep=25.0pt
* \topskip=10.0pt
* \footskip=30.0pt
* \marginparwidth=65.0pt
* \marginparsep=11.0pt
* \columnsep=10.0pt
* \skip\footins=9.0pt plus 4.0pt minus 2.0pt
* \hoffset=0.0pt
* \voffset=0.0pt
* \mag=1000
* \@twocolumnfalse
* \@twosidefalse
* \@mparswitchfalse
* \@reversemarginfalse
* (1in=72.27pt=25.4mm, 1cm=28.453pt)

\AtBeginShipoutBox=\box27
Package hyperref Info: Link coloring OFF on input line 76.
(/usr/local/texlive/2018/texmf-dist/tex/latex/hyperref/nameref.sty
Package: nameref 2016/05/21 v2.44 Cross-referencing by name of section
(/usr/local/texlive/2018/texmf-dist/tex/generic/oberdiek/gettitlestring.sty
Package: gettitlestring 2016/05/16 v1.5 Cleanup title references (HO)
)
\c@section@level=\count107
)
LaTeX Info: Redefining \ref on input line 76.
LaTeX Info: Redefining \pageref on input line 76.
LaTeX Info: Redefining \nameref on input line 76.
\@outlinefile=\write3
\openout3 = `server.out'.

LaTeX Font Info:    Try loading font information for OT1+pplx on input line 85.

(/usr/local/texlive/2018/texmf-dist/tex/latex/psnfss/ot1pplx.fd
File: ot1pplx.fd 2004/09/06 font definitions for OT1/pplx.
)
LaTeX Font Info:    Try loading font information for OML+zplm on input line 85.

(/usr/local/texlive/2018/texmf-dist/tex/latex/psnfss/omlzplm.fd
File: omlzplm.fd 2002/09/08 Fontinst v1.914 font definitions for OML/zplm.
)
LaTeX Font Info:    Try loading font information for OMS+zplm on input line 85.

(/usr/local/texlive/2018/texmf-dist/tex/latex/psnfss/omszplm.fd
File: omszplm.fd 2002/09/08 Fontinst v1.914 font definitions for OMS/zplm.
)
LaTeX Font Info:    Try loading font information for OMX+zplm on input line 85.

(/usr/local/texlive/2018/texmf-dist/tex/latex/psnfss/omxzplm.fd
File: omxzplm.fd 2002/09/08 Fontinst v1.914 font definitions for OMX/zplm.
)
LaTeX Font Info:    Try loading font information for OT1+zplm on input line 85.

(/usr/local/texlive/2018/texmf-dist/tex/latex/psnfss/ot1zplm.fd
File: ot1zplm.fd 2002/09/08 Fontinst v1.914 font definitions for OT1/zplm.
)

LaTeX Warning: No \author given.

Package color Info: Redefining color shadecolor on input line 88.
LaTeX Font Info:    Try loading font information for T1+lmtt on input line 89.
(/usr/local/texlive/2018/texmf-dist/tex/latex/lm/t1lmtt.fd
File: t1lmtt.fd 2009/10/30 v1.6 Font defs for Latin Modern
)
LaTeX Font Info:    Try loading font information for TS1+lmtt on input line 93.

(/usr/local/texlive/2018/texmf-dist/tex/latex/lm/ts1lmtt.fd
File: ts1lmtt.fd 2009/10/30 v1.6 Font defs for Latin Modern
)
LaTeX Font Info:    Font shape `T1/lmtt/bx/n' in size <10> not available
(Font)              Font shape `T1/lmtt/b/n' tried instead on input line 100.

Overfull \hbox (84.46715pt too wide) in paragraph at lines 263--263
[]      []\T1/lmtt/m/n/10 temp_df[][]$[][]aggregate_unit[] []<-[] []\T1/lmtt/b/
n/10 sapply[][]\T1/lmtt/m/n/10 (temp_df[][]$[][]\TS1/lmtt/m/n/10 `\T1/lmtt/m/n/
10 TTL Unit Name\TS1/lmtt/m/n/10 `\T1/lmtt/m/n/10 ,[] []\T1/lmtt/b/n/10 functio
n[][]\T1/lmtt/m/n/10 ([][]x[][])[] []\T1/lmtt/b/n/10 remove_num[][]\T1/lmtt/m/n
/10 (x))[] []%>%[] []\T1/lmtt/b/n/10 as.vector[][]\T1/lmtt/m/n/10 ()[][] 
 []


Overfull \hbox (16.21735pt too wide) in paragraph at lines 268--268
[]      []\T1/lmtt/b/n/10 plot_ly[][]\T1/lmtt/m/n/10 (data,[] []labels[] []=[] 
[]~[][]aggregate_unit,[] []values[] []=[] []~[][]total_award_amount,[] []type[]
 []=[] []\TS1/lmtt/m/n/10 '\T1/lmtt/m/n/10 pie\TS1/lmtt/m/n/10 '[][]\T1/lmtt/m/
n/10 )[] []%>%[][] 
 []


Overfull \hbox (84.46715pt too wide) in paragraph at lines 327--327
[]      []\T1/lmtt/m/n/10 temp_df[][]$[][]aggregate_unit[] []<-[] []\T1/lmtt/b/
n/10 sapply[][]\T1/lmtt/m/n/10 (temp_df[][]$[][]\TS1/lmtt/m/n/10 `\T1/lmtt/m/n/
10 TTL Unit Name\TS1/lmtt/m/n/10 `\T1/lmtt/m/n/10 ,[] []\T1/lmtt/b/n/10 functio
n[][]\T1/lmtt/m/n/10 ([][]x[][])[] []\T1/lmtt/b/n/10 remove_num[][]\T1/lmtt/m/n
/10 (x))[] []%>%[] []\T1/lmtt/b/n/10 as.vector[][]\T1/lmtt/m/n/10 ()[][] 
 []


Overfull \hbox (16.21735pt too wide) in paragraph at lines 332--332
[]      []\T1/lmtt/b/n/10 plot_ly[][]\T1/lmtt/m/n/10 (data,[] []labels[] []=[] 
[]~[][]aggregate_unit,[] []values[] []=[] []~[][]total_award_amount,[] []type[]
 []=[] []\TS1/lmtt/m/n/10 '\T1/lmtt/m/n/10 pie\TS1/lmtt/m/n/10 '[][]\T1/lmtt/m/
n/10 )[] []%>%[][] 
 []


Overfull \hbox (42.46727pt too wide) in paragraph at lines 351--351
[]        []\T1/lmtt/b/n/10 summarise[][]\T1/lmtt/m/n/10 ([][]"Total Signed Con
tributions"[][]=[][]\T1/lmtt/b/n/10 sum[][]\T1/lmtt/m/n/10 (\TS1/lmtt/m/n/10 `\
T1/lmtt/m/n/10 Net Signed Condribution in USD\TS1/lmtt/m/n/10 `\T1/lmtt/m/n/10 
)[] []%>%[] []\T1/lmtt/b/n/10 dollar[][]\T1/lmtt/m/n/10 (),[][] 
 []


Overfull \hbox (58.21722pt too wide) in paragraph at lines 352--352
[]                  []\T1/lmtt/m/n/10 "Total Received Contributions"[][]=[][]\T
1/lmtt/b/n/10 sum[][]\T1/lmtt/m/n/10 (\TS1/lmtt/m/n/10 `\T1/lmtt/m/n/10 Net Pai
d-In Condribution in USD\TS1/lmtt/m/n/10 `\T1/lmtt/m/n/10 )[] []%>%[] []\T1/lmt
t/b/n/10 dollar[][]\T1/lmtt/m/n/10 (),[][] 
 []


Overfull \hbox (47.71725pt too wide) in paragraph at lines 353--353
[]                  []\T1/lmtt/m/n/10 "Total Pending Contributions"[][]=[][]\T1
/lmtt/b/n/10 sum[][]\T1/lmtt/m/n/10 (\TS1/lmtt/m/n/10 `\T1/lmtt/m/n/10 Net Unpa
id contribution in USD\TS1/lmtt/m/n/10 `\T1/lmtt/m/n/10 )[] []%>%[] []\T1/lmtt/
b/n/10 dollar[][]\T1/lmtt/m/n/10 ())[][] 
 []


Overfull \hbox (79.21716pt too wide) in paragraph at lines 362--362
[]      []\T1/lmtt/m/n/10 active_trustee[][]$[][]\TS1/lmtt/m/n/10 `\T1/lmtt/m/n
/10 Donor Agency Name\TS1/lmtt/m/n/10 `\T1/lmtt/m/n/10 [active_trustee[][]$[][]
\TS1/lmtt/m/n/10 `\T1/lmtt/m/n/10 Donor Name\TS1/lmtt/m/n/10 `[][]\T1/lmtt/m/n/
10 ==[][]"Multi Donor"[][]][] []<-[] []"Multiple Donors"[][] 
 []


Overfull \hbox (10.96736pt too wide) in paragraph at lines 367--367
[]                  []\T1/lmtt/m/n/10 "Total Received Contributions"[][]=[][]\T
1/lmtt/b/n/10 sum[][]\T1/lmtt/m/n/10 (\TS1/lmtt/m/n/10 `\T1/lmtt/m/n/10 Net Pai
d-In Condribution in USD\TS1/lmtt/m/n/10 `\T1/lmtt/m/n/10 ))[] []%>%[][] 
 []


Overfull \hbox (430.96614pt too wide) in paragraph at lines 392--392
[]                 []\T1/lmtt/m/n/10 subtitle[] []=[][]\T1/lmtt/b/n/10 HTML[][]
\T1/lmtt/m/n/10 ([][]"<b>Active RETF grants</b> <button id=\"show_grants_RETF_A
\" type=\"button\" class=\"btn btn-default action-button\">Show Grants</button>
"[][]),[][] 
 []


Overfull \hbox (84.46715pt too wide) in paragraph at lines 446--446
[]      []\T1/lmtt/m/n/10 temp_df[][]$[][]aggregate_unit[] []<-[] []\T1/lmtt/b/
n/10 sapply[][]\T1/lmtt/m/n/10 (temp_df[][]$[][]\TS1/lmtt/m/n/10 `\T1/lmtt/m/n/
10 TTL Unit Name\TS1/lmtt/m/n/10 `\T1/lmtt/m/n/10 ,[] []\T1/lmtt/b/n/10 functio
n[][]\T1/lmtt/m/n/10 ([][]x[][])[] []\T1/lmtt/b/n/10 remove_num[][]\T1/lmtt/m/n
/10 (x))[] []%>%[] []\T1/lmtt/b/n/10 as.vector[][]\T1/lmtt/m/n/10 ()[][] 
 []


Overfull \hbox (16.21735pt too wide) in paragraph at lines 451--451
[]      []\T1/lmtt/b/n/10 plot_ly[][]\T1/lmtt/m/n/10 (data,[] []labels[] []=[] 
[]~[][]aggregate_unit,[] []values[] []=[] []~[][]total_award_amount,[] []type[]
 []=[] []\TS1/lmtt/m/n/10 '\T1/lmtt/m/n/10 pie\TS1/lmtt/m/n/10 '[][]\T1/lmtt/m/
n/10 )[] []%>%[][] 
 []


Overfull \hbox (42.46727pt too wide) in paragraph at lines 543--543
[]                             []\T1/lmtt/b/n/10 sum[][]\T1/lmtt/m/n/10 (temp_a
ctive_trustee[][]$[][]\TS1/lmtt/m/n/10 `\T1/lmtt/m/n/10 Net Signed Condribution
 in USD\TS1/lmtt/m/n/10 `\T1/lmtt/m/n/10 ),[][]digits[] []=[] []1[][])[][] 
 []


Overfull \hbox (5.71738pt too wide) in paragraph at lines 574--574
[]                                               []\T1/lmtt/m/n/10 "Percentage 
of Total:"[][],[][]\T1/lmtt/b/n/10 percent[][]\T1/lmtt/m/n/10 (percent))))[] []
+[][] 
 []


Overfull \hbox (514.9659pt too wide) in paragraph at lines 608--608
[]          []\T1/lmtt/b/n/10 valueBox[][]\T1/lmtt/m/n/10 ([][]subtitle[] []=[]
 []\T1/lmtt/b/n/10 HTML[][]\T1/lmtt/m/n/10 ([][]"<b>Number of Active Grants</b>
 <button id=\"show_active_grants_trustee\" type=\"button\" class=\"btn btn-defa
ult action-button\">Show Grants</button>"[][]),[][] 
 []


Overfull \hbox (556.96577pt too wide) in paragraph at lines 643--643
[]          []\T1/lmtt/b/n/10 valueBox[][]\T1/lmtt/m/n/10 ([][]subtitle[] []=[]
 []\T1/lmtt/b/n/10 HTML[][]\T1/lmtt/m/n/10 ([][]"<b>Grants closing in less than
 6 months</b> <button id=\"show_grants_closing_6\" type=\"button\" class=\"btn 
btn-default action-button\">Show Grants</button>"[][]),[][] 
 []


Overfull \hbox (52.96724pt too wide) in paragraph at lines 654--654
[]        []\T1/lmtt/b/n/10 isolate[][]\T1/lmtt/m/n/10 (data[] []<-[] []temp_gr
ants[] []%>%[] []\T1/lmtt/b/n/10 filter[][]\T1/lmtt/m/n/10 (\TS1/lmtt/m/n/10 `\
T1/lmtt/m/n/10 Fund Status\TS1/lmtt/m/n/10 `[] []\T1/lmtt/m/n/10 ==[] []"ACTV"[
][], \TS1/lmtt/m/n/10 `\T1/lmtt/m/n/10 Grant Amount USD\TS1/lmtt/m/n/10 `[] []\
T1/lmtt/m/n/10 !=[] []0[][])[] []%>%[][] 
 []


Overfull \hbox (26.71732pt too wide) in paragraph at lines 725--725
[]                                []\T1/lmtt/m/n/10 "Total Remaining Balance:"[
][],[][]\T1/lmtt/b/n/10 dollar[][]\T1/lmtt/m/n/10 (total_remaining_balance))))[
] []+[][] 
 []


Overfull \hbox (115.96706pt too wide) in paragraph at lines 745--745
[]                    []\T1/lmtt/m/n/10 "Percent Available"[] []=[] []\T1/lmtt/
b/n/10 percent[][]\T1/lmtt/m/n/10 (([][]\T1/lmtt/b/n/10 sum[][]\T1/lmtt/m/n/10 
(unnacounted_amount))[][]/[][]\T1/lmtt/b/n/10 sum[][]\T1/lmtt/m/n/10 (\TS1/lmtt
/m/n/10 `\T1/lmtt/m/n/10 Grant Amount USD\TS1/lmtt/m/n/10 `\T1/lmtt/m/n/10 ),[]
[]accuracy[][]=[][]1[][]),[][] 
 []


Overfull \hbox (100.2171pt too wide) in paragraph at lines 746--746
[]                    []\T1/lmtt/m/n/10 "Avg. Monthly Disbursement Rate"[] []=[
] []\T1/lmtt/b/n/10 percent[][]\T1/lmtt/m/n/10 ([][]\T1/lmtt/b/n/10 mean[][]\T1
/lmtt/m/n/10 (monthly_disbursement_rate),[][]accuracy[] []=[] []1[][]))[][] 
 []


Overfull \hbox (105.46709pt too wide) in paragraph at lines 827--827
[]                           []\T1/lmtt/m/n/10 "Grant(s) are closing in less th
an 6 months and more than 35% uncommitted balance"[][])[][] 
 []


Overfull \hbox (5.71738pt too wide) in paragraph at lines 886--886
[]                                               []\T1/lmtt/m/n/10 "Percentage 
of Total:"[][],[][]\T1/lmtt/b/n/10 percent[][]\T1/lmtt/m/n/10 (percent))))[] []
+[][] 
 []


Overfull \hbox (94.96712pt too wide) in paragraph at lines 956--956
[]        []\T1/lmtt/m/n/10 temp_df[][]$[][]aggregate_unit[] []<-[] []\T1/lmtt/
b/n/10 sapply[][]\T1/lmtt/m/n/10 (temp_df[][]$[][]\TS1/lmtt/m/n/10 `\T1/lmtt/m/
n/10 TTL Unit Name\TS1/lmtt/m/n/10 `\T1/lmtt/m/n/10 ,[] []\T1/lmtt/b/n/10 funct
ion[][]\T1/lmtt/m/n/10 ([][]x[][])[] []\T1/lmtt/b/n/10 remove_num[][]\T1/lmtt/m
/n/10 (x))[] []%>%[] []\T1/lmtt/b/n/10 as.vector[][]\T1/lmtt/m/n/10 ()[][] 
 []


Overfull \hbox (21.46733pt too wide) in paragraph at lines 961--961
[]       []\T1/lmtt/b/n/10 plot_ly[][]\T1/lmtt/m/n/10 (data,[] []labels[] []=[]
 []~[][]aggregate_unit,[] []values[] []=[] []~[][]total_award_amount,[] []type[
] []=[] []\TS1/lmtt/m/n/10 '\T1/lmtt/m/n/10 pie\TS1/lmtt/m/n/10 '[][]\T1/lmtt/m
/n/10 )[] []%>%[][] 
 []


Overfull \hbox (0.46739pt too wide) in paragraph at lines 962--962
[]          []\T1/lmtt/b/n/10 layout[][]\T1/lmtt/m/n/10 ([][]xaxis[] []=[] []\T
1/lmtt/b/n/10 list[][]\T1/lmtt/m/n/10 ([][]showgrid[] []=[] []FALSE[][],[] []ze
roline[] []=[] []FALSE[][],[] []showticklabels[] []=[] []FALSE[][]),[][] 
 []


Overfull \hbox (0.46739pt too wide) in paragraph at lines 963--963
[]                 []\T1/lmtt/m/n/10 yaxis[] []=[] []\T1/lmtt/b/n/10 list[][]\T
1/lmtt/m/n/10 ([][]showgrid[] []=[] []FALSE[][],[] []zeroline[] []=[] []FALSE[]
[],[] []showticklabels[] []=[] []FALSE[][]))[][] 
 []


Overfull \hbox (115.96706pt too wide) in paragraph at lines 975--975
[]                    []\T1/lmtt/m/n/10 "Percent Available"[] []=[] []\T1/lmtt/
b/n/10 percent[][]\T1/lmtt/m/n/10 (([][]\T1/lmtt/b/n/10 sum[][]\T1/lmtt/m/n/10 
(unnacounted_amount))[][]/[][]\T1/lmtt/b/n/10 sum[][]\T1/lmtt/m/n/10 (\TS1/lmtt
/m/n/10 `\T1/lmtt/m/n/10 Grant Amount USD\TS1/lmtt/m/n/10 `\T1/lmtt/m/n/10 ),[]
[]accuracy[][]=[][]1[][]),[][] 
 []


Overfull \hbox (100.2171pt too wide) in paragraph at lines 976--976
[]                    []\T1/lmtt/m/n/10 "Avg. Monthly Disbursement Rate"[] []=[
] []\T1/lmtt/b/n/10 percent[][]\T1/lmtt/m/n/10 ([][]\T1/lmtt/b/n/10 mean[][]\T1
/lmtt/m/n/10 (monthly_disbursement_rate),[][]accuracy[] []=[] []1[][]))[][] 
 []


Overfull \hbox (709.21533pt too wide) in paragraph at lines 990--990
[]                   []\T1/lmtt/m/n/10 subtitle[] []=[] []\T1/lmtt/b/n/10 HTML[
][]\T1/lmtt/m/n/10 ([][]"<b>Grants aged >= 3 months with no disbursements/commi
ttments</b> <button id=\"show_region_grants_no_discom\" type=\"button\" class=\
"btn btn-default action-button\">Show Grants</button>"[][]))[][] 
 []


Overfull \hbox (593.71567pt too wide) in paragraph at lines 1000--1000
[]                   []\T1/lmtt/m/n/10 subtitle[] []=[] []\T1/lmtt/b/n/10 HTML[
][]\T1/lmtt/m/n/10 ([][]"<b>Grants closing in less than 3 months</b> <button id
=\"show_region_grants_closing_3\" type=\"button\" class=\"btn btn-default actio
n-button\">Show Grants</button>"[][]))[][] 
 []


Overfull \hbox (10.96736pt too wide) in paragraph at lines 1007--1007
[]        []\T1/lmtt/m/n/10 temp_df[] []%>%[] []\T1/lmtt/b/n/10 filter[][]\T1/l
mtt/m/n/10 (funds_to_be_transferred[] []>[] []1[][],percent_transferred_availab
le[][]<[][].3[][])[] []%>%[][] 
 []


Overfull \hbox (604.21564pt too wide) in paragraph at lines 1010--1010
[]                   []\T1/lmtt/m/n/10 subtitle[] []=[] []\T1/lmtt/b/n/10 HTML[
][]\T1/lmtt/m/n/10 ([][]"<b>Grants that may require funds transferred</b> <butt
on id=\"show_grants_need_transfer\" type=\"button\" class=\"btn btn-default act
ion-button\">Show Grants</button>"[][]),[][] 
 []


Overfull \hbox (609.46562pt too wide) in paragraph at lines 1022--1022
[]                   []\T1/lmtt/m/n/10 subtitle[] []=[] []\T1/lmtt/b/n/10 HTML[
][]\T1/lmtt/m/n/10 ([][]"<b>Active Grants without initial transfer</b> <button 
id=\"show_grants_no_first_transfer\" type=\"button\" class=\"btn btn-default ac
tion-button\">Show Grants</button>"[][]),[][] 
 []


Overfull \hbox (31.9673pt too wide) in paragraph at lines 1030--1030
[]        []\T1/lmtt/m/n/10 plot_title[] []<-[] []\T1/lmtt/b/n/10 paste[][]\T1/
lmtt/m/n/10 ([][]"Disbursement Risk Overview for"[][],input[][]$[][]focal_selec
t_region,[][]"Region"[][])[][] 
 []


Overfull \hbox (399.46623pt too wide) in paragraph at lines 1057--1057
[]                  []\T1/lmtt/m/n/10 subtitle[] []=[][]\T1/lmtt/b/n/10 HTML[][
]\T1/lmtt/m/n/10 ([][]"<b>Very High Risk</b> <button id=\"show_grants_VHR\" typ
e=\"button\" class=\"btn btn-default action-button\">Show Grants</button>"[][])
,[][] 
 []


Overfull \hbox (367.96632pt too wide) in paragraph at lines 1067--1067
[]                  []\T1/lmtt/m/n/10 subtitle[] []=[][]\T1/lmtt/b/n/10 HTML[][
]\T1/lmtt/m/n/10 ([][]"<b>High Risk</b> <button id=\"show_grants_HR\" type=\"bu
tton\" class=\"btn btn-default action-button\">Show Grants</button>"[][]),[][] 

 []


Overfull \hbox (378.4663pt too wide) in paragraph at lines 1076--1076
[]                  []\T1/lmtt/m/n/10 subtitle[] []=[][]\T1/lmtt/b/n/10 HTML[][
]\T1/lmtt/m/n/10 ([][]"<b>Medium Risk</b> <button id=\"show_grants_MR\" type=\"
button\" class=\"btn btn-default action-button\">Show Grants</button>"[][]),[][
] 
 []


Overfull \hbox (367.96632pt too wide) in paragraph at lines 1085--1085
[]                  []\T1/lmtt/m/n/10 subtitle[] []=[] []\T1/lmtt/b/n/10 HTML[]
[]\T1/lmtt/m/n/10 ([][]"<b>Low Risk</b> <button id=\"show_grants_LR\" type=\"bu
tton\" class=\"btn btn-default action-button\">Show Grants</button>"[][]),[][] 

 []


Overfull \hbox (16.21735pt too wide) in paragraph at lines 1156--1156
[]      []\T1/lmtt/m/n/10 header_style[] []<-[] []\T1/lmtt/b/n/10 createStyle[]
[]\T1/lmtt/m/n/10 ([][]borderColour[] []=[] []\T1/lmtt/b/n/10 getOption[][]\T1/
lmtt/m/n/10 ([][]"openxlsx.borderColour"[][],[] []"black"[][]),[][] 
 []


Overfull \hbox (5.71738pt too wide) in paragraph at lines 1157--1157
[]                                  []\T1/lmtt/m/n/10 borderStyle[] []=[] []\T1
/lmtt/b/n/10 getOption[][]\T1/lmtt/m/n/10 ([][]"openxlsx.borderStyle"[][],[] []
"thick"[][]),[][] 
 []


Overfull \hbox (21.46733pt too wide) in paragraph at lines 1158--1158
[]                                  []\T1/lmtt/m/n/10 halign[] []=[] []\TS1/lmt
t/m/n/10 '\T1/lmtt/m/n/10 center\TS1/lmtt/m/n/10 '[][]\T1/lmtt/m/n/10 ,[] []val
ign[] []=[] []\TS1/lmtt/m/n/10 '\T1/lmtt/m/n/10 center\TS1/lmtt/m/n/10 '[][]\T1
/lmtt/m/n/10 ,[] []textDecoration[] []=[] []\T1/lmtt/b/n/10 NULL[][]\T1/lmtt/m/
n/10 ,[][] 
 []


Overfull \hbox (21.46733pt too wide) in paragraph at lines 1187--1187
[]                       []\T1/lmtt/m/n/10 percent_transferred_available[] []=[
] []\T1/lmtt/b/n/10 percent[][]\T1/lmtt/m/n/10 (percent_transferred_available),
[][] 
 []


Overfull \hbox (42.46727pt too wide) in paragraph at lines 1193--1193
[]                       []\T1/lmtt/m/n/10 "Percentage of funds transferred ava
ilable"[][]=percent_transferred_available))[][] 
 []


Overfull \hbox (0.46739pt too wide) in paragraph at lines 1252--1252
[]                       []\T1/lmtt/m/n/10 "Required Monthly Disbursement Rate"
[] []= required_disbursement_rate))[][] 
 []


Overfull \hbox (0.46739pt too wide) in paragraph at lines 1280--1280
[]                       []\T1/lmtt/m/n/10 "Required Monthly Disbursement Rate"
[] []= required_disbursement_rate))[][] 
 []


Overfull \hbox (0.46739pt too wide) in paragraph at lines 1308--1308
[]                       []\T1/lmtt/m/n/10 "Required Monthly Disbursement Rate"
[] []= required_disbursement_rate))[][] 
 []


Overfull \hbox (0.46739pt too wide) in paragraph at lines 1334--1334
[]                       []\T1/lmtt/m/n/10 "Required Monthly Disbursement Rate"
[] []= required_disbursement_rate))[][] 
 []


Overfull \hbox (10.96736pt too wide) in paragraph at lines 1361--1361
[]                       []\T1/lmtt/m/n/10 required_disbursement_rate[] []=[] [
]\T1/lmtt/b/n/10 percent[][]\T1/lmtt/m/n/10 (required_disbursement_rate))[] []%
>%[][] 
 []


Overfull \hbox (0.46739pt too wide) in paragraph at lines 1364--1364
[]                       []\T1/lmtt/m/n/10 "Required Monthly Disbursement Rate"
[] []= required_disbursement_rate))[][] 
 []


Overfull \hbox (10.96736pt too wide) in paragraph at lines 1390--1390
[]                       []\T1/lmtt/m/n/10 required_disbursement_rate[] []=[] [
]\T1/lmtt/b/n/10 percent[][]\T1/lmtt/m/n/10 (required_disbursement_rate))[] []%
>%[][] 
 []


Overfull \hbox (430.96614pt too wide) in paragraph at lines 1411--1411
[]                 []\T1/lmtt/m/n/10 subtitle[] []=[][]\T1/lmtt/b/n/10 HTML[][]
\T1/lmtt/m/n/10 ([][]"<b>Active RETF grants</b> <button id=\"show_grants_RETF_R
\" type=\"button\" class=\"btn btn-default action-button\">Show Grants</button>
"[][]),[][] 
 []


Overfull \hbox (84.46715pt too wide) in paragraph at lines 1465--1465
[]      []\T1/lmtt/m/n/10 temp_df[][]$[][]aggregate_unit[] []<-[] []\T1/lmtt/b/
n/10 sapply[][]\T1/lmtt/m/n/10 (temp_df[][]$[][]\TS1/lmtt/m/n/10 `\T1/lmtt/m/n/
10 TTL Unit Name\TS1/lmtt/m/n/10 `\T1/lmtt/m/n/10 ,[] []\T1/lmtt/b/n/10 functio
n[][]\T1/lmtt/m/n/10 ([][]x[][])[] []\T1/lmtt/b/n/10 remove_num[][]\T1/lmtt/m/n
/10 (x))[] []%>%[] []\T1/lmtt/b/n/10 as.vector[][]\T1/lmtt/m/n/10 ()[][] 
 []


Overfull \hbox (16.21735pt too wide) in paragraph at lines 1470--1470
[]      []\T1/lmtt/b/n/10 plot_ly[][]\T1/lmtt/m/n/10 (data,[] []labels[] []=[] 
[]~[][]aggregate_unit,[] []values[] []=[] []~[][]total_award_amount,[] []type[]
 []=[] []\TS1/lmtt/m/n/10 '\T1/lmtt/m/n/10 pie\TS1/lmtt/m/n/10 '[][]\T1/lmtt/m/
n/10 )[] []%>%[][] 
 []


Overfull \hbox (5.71738pt too wide) in paragraph at lines 1501--1501
[]                             []\T1/lmtt/m/n/10 text[][]=[][]\T1/lmtt/b/n/10 p
aste[][]\T1/lmtt/m/n/10 ([][]\T1/lmtt/b/n/10 as.character[][]\T1/lmtt/m/n/10 (z
oo[][]::[][]\T1/lmtt/b/n/10 as.yearqtr[][]\T1/lmtt/m/n/10 (gg_df[][]$[][]quarte
rr)),[][]"\n"[][],[][] 
 []


Overfull \hbox (0.46739pt too wide) in paragraph at lines 1509--1509
[]        []\T1/lmtt/b/n/10 scale_x_discrete[][]\T1/lmtt/m/n/10 ([][]labels[][]
=[][]\T1/lmtt/b/n/10 c[][]\T1/lmtt/m/n/10 ([][]\T1/lmtt/b/n/10 unique[][]\T1/lm
tt/m/n/10 ([][]\T1/lmtt/b/n/10 as.character[][]\T1/lmtt/m/n/10 (zoo[][]::[][]\T
1/lmtt/b/n/10 as.yearqtr[][]\T1/lmtt/m/n/10 (gg_df[][]$[][]quarterr)))))[][]+[]
[] 
 []


Overfull \hbox (5.71738pt too wide) in paragraph at lines 1511--1511
[]                           []\T1/lmtt/m/n/10 breaks[] []=[][]\T1/lmtt/b/n/10 
c[][]\T1/lmtt/m/n/10 ([][]25[][],[][]50[][],[][]75[][],[][]100[][],[][]125[][],
[][]150[][],[][]175[][],[][]200[][],[][]225[][],[][]250[][],[][]275[][],[][]300
[][])[][]*[][]10000[][])[] []+[][] 
 []


Overfull \hbox (21.46733pt too wide) in paragraph at lines 1537--1537
[]      []\T1/lmtt/m/n/10 current_Q_amount[] []<-[] []grouped_gg_data[grouped_g
g_data[][]$[][]quarterr[][]==[][]current_Q_date,] [[][]1[][],[][]6[][]][] []%>%
[][] 
 []


Overfull \hbox (31.9673pt too wide) in paragraph at lines 1548--1548
[]        []\T1/lmtt/m/n/10 current_Q_amount[] []<-[] []grouped_gg_data[grouped
_gg_data[][]$[][]quarterr[][]==[][]current_Q_date,] [[][]1[][],[][]6[][]][] []%
>%[][] 
 []


Overfull \hbox (0.46739pt too wide) in paragraph at lines 1550--1550
[]        []\T1/lmtt/m/n/10 next_Q_amount[] []<-[] []grouped_gg_data[grouped_gg
_data[][]$[][]quarterr[][]==[][]next_Q_date,] [[][]1[][],[][]6[][]][] []%>%[][]
 
 []


Overfull \hbox (289.21655pt too wide) in paragraph at lines 1566--1566
[]                  []\T1/lmtt/m/n/10 subtitle[] []=[] []\T1/lmtt/b/n/10 HTML[]
[]\T1/lmtt/m/n/10 ([][]"<button id=\"show_PMA_grants\" type=\"button\" class=\"
btn btn-default action-button\">Show Grants</button>"[][]))[][] 
 []


Overfull \hbox (5.71738pt too wide) in paragraph at lines 1637--1637
[]                                     []\T1/lmtt/b/n/10 paste[][]\T1/lmtt/m/n/
10 (grant[][]$[][]\TS1/lmtt/m/n/10 `\T1/lmtt/m/n/10 Fund TTL Name\TS1/lmtt/m/n/
10 `\T1/lmtt/m/n/10 ,[][]"&"[][],grant[][]$[][]\TS1/lmtt/m/n/10 `\T1/lmtt/m/n/1
0 Co-TTL1 Name\TS1/lmtt/m/n/10 `\T1/lmtt/m/n/10 ),[][] 
 []

! Dimension too large.
\fb@put@frame ...p \ifdim \dimen@ >\ht \@tempboxa 
                                                  \fb@putboxa #1\fb@afterfra...
l.1792 \end{kframe}
                    
Here is how much of TeX's memory you used:
 9581 strings out of 492649
 135733 string characters out of 6129622
 799676 words of memory out of 5000000
 13391 multiletter control sequences out of 15000+600000
 17143 words of font info for 38 fonts, out of 8000000 for 9000
 1141 hyphenation exceptions out of 8191
 28i,6n,25p,393b,307s stack positions out of 5000i,500n,10000p,200000b,80000s

!  ==> Fatal error occurred, no output PDF file produced!
